########### array before sorts ###########
0	0.000000	0.000000	46.355000	0.165000	n
1	46.355000	0.165000	46.355000	63.335000	n
2	46.355000	63.335000	0.000000	63.170000	n
3	0.000000	63.170000	0.000000	0.000000	n
Tolerance=0.050000.
*Exact match for i=0 and j=1.
*i point 0.000000	0.000000	46.355000	0.165000	y
*Exact match for i=1 and j=2.
*i point 46.355000	0.165000	46.355000	63.335000	y
*Exact match for i=2 and j=3.
*i point 46.355000	63.335000	0.000000	63.170000	y
########### array after sorts ###########
0	0.000000	0.000000	46.355000	0.165000	y
1	46.355000	0.165000	46.355000	63.335000	y
2	46.355000	63.335000	0.000000	63.170000	y
3	0.000000	63.170000	0.000000	0.000000	y
***************
.BOARD_OUTLINE UNOWNED
1.6
0     0.000000     0.000000     0
0     46.355000     0.165000     0
0     46.355000     63.335000     0
0     0.000000     63.170000     0
0     0.000000     0.000000     0
